# JRE version: Java(TM) SE Runtime Environment (10.0.2+13) (build 10.0.2+13)
# Java VM: Java HotSpot(TM) 64-Bit Server VM (10.0.2+13, mixed mode, tiered, compressed oops, g1 gc, windows-amd64)
Heap:
 garbage-first heap   total 103424K, used 40648K [0x00000000ac600000, 0x0000000100000000)
  region size 1024K, 19 young (19456K), 1 survivors (1024K)
 Metaspace       used 37934K, capacity 39055K, committed 39680K, reserved 1083392K
  class space    used 4807K, capacity 5327K, committed 5376K, reserved 1048576K
GC Heap History (10 events):
Event: 1.620 GC heap before
{Heap before GC invocations=0 (full 0):
 garbage-first heap   total 86016K, used 16384K [0x00000000ac600000, 0x0000000100000000)
  region size 1024K, 14 young (14336K), 0 survivors (0K)
 Metaspace       used 15875K, capacity 16335K, committed 16640K, reserved 1064960K
  class space    used 1780K, capacity 1985K, committed 2048K, reserved 1048576K
}
Event: 1.633 GC heap after
{Heap after GC invocations=1 (full 0):
 garbage-first heap   total 86016K, used 6912K [0x00000000ac600000, 0x0000000100000000)
  region size 1024K, 2 young (2048K), 2 survivors (2048K)
 Metaspace       used 15875K, capacity 16335K, committed 16640K, reserved 1064960K
  class space    used 1780K, capacity 1985K, committed 2048K, reserved 1048576K
}
Event: 1.977 GC heap before
{Heap before GC invocations=1 (full 0):
 garbage-first heap   total 86016K, used 15104K [0x00000000ac600000, 0x0000000100000000)
  region size 1024K, 8 young (8192K), 2 survivors (2048K)
 Metaspace       used 17460K, capacity 17911K, committed 18176K, reserved 1064960K
  class space    used 2024K, capacity 2233K, committed 2304K, reserved 1048576K
}
Event: 1.991 GC heap after
{Heap after GC invocations=2 (full 0):
 garbage-first heap   total 86016K, used 10618K [0x00000000ac600000, 0x0000000100000000)
  region size 1024K, 1 young (1024K), 1 survivors (1024K)
 Metaspace       used 17460K, capacity 17911K, committed 18176K, reserved 1064960K
  class space    used 2024K, capacity 2233K, committed 2304K, reserved 1048576K
}
Event: 2.433 GC heap before
{Heap before GC invocations=2 (full 0):
 garbage-first heap   total 86016K, used 16762K [0x00000000ac600000, 0x0000000100000000)
  region size 1024K, 8 young (8192K), 1 survivors (1024K)
 Metaspace       used 20617K, capacity 21119K, committed 21248K, reserved 1067008K
  class space    used 2526K, capacity 2792K, committed 2816K, reserved 1048576K
}
Event: 2.440 GC heap after
{Heap after GC invocations=3 (full 0):
 garbage-first heap   total 86016K, used 12196K [0x00000000ac600000, 0x0000000100000000)
  region size 1024K, 3 young (3072K), 3 survivors (3072K)
 Metaspace       used 20617K, capacity 21119K, committed 21248K, reserved 1067008K
  class space    used 2526K, capacity 2792K, committed 2816K, reserved 1048576K
}
Event: 4.653 GC heap before
{Heap before GC invocations=4 (full 0):
 garbage-first heap   total 86016K, used 38820K [0x00000000ac600000, 0x0000000100000000)
  region size 1024K, 29 young (29696K), 3 survivors (3072K)
 Metaspace       used 33808K, capacity 34850K, committed 35328K, reserved 1079296K
  class space    used 4314K, capacity 4798K, committed 4864K, reserved 1048576K
}
Event: 4.673 GC heap after
{Heap after GC invocations=5 (full 0):
 garbage-first heap   total 86016K, used 15433K [0x00000000ac600000, 0x0000000100000000)
  region size 1024K, 4 young (4096K), 4 survivors (4096K)
 Metaspace       used 33808K, capacity 34850K, committed 35328K, reserved 1079296K
  class space    used 4314K, capacity 4798K, committed 4864K, reserved 1048576K
}
Event: 4.774 GC heap before
{Heap before GC invocations=5 (full 0):
 garbage-first heap   total 86016K, used 16457K [0x00000000ac600000, 0x0000000100000000)
  region size 1024K, 6 young (6144K), 4 survivors (4096K)
 Metaspace       used 34374K, capacity 35355K, committed 35840K, reserved 1081344K
  class space    used 4399K, capacity 4880K, committed 4992K, reserved 1048576K
}
Event: 4.788 GC heap after
{Heap after GC invocations=6 (full 0):
 garbage-first heap   total 103424K, used 16072K [0x00000000ac600000, 0x0000000100000000)
  region size 1024K, 1 young (1024K), 1 survivors (1024K)
 Metaspace       used 34374K, capacity 35355K, committed 35840K, reserved 1081344K
  class space    used 4399K, capacity 4880K, committed 4992K, reserved 1048576K
}

