# JRE version: Java(TM) SE Runtime Environment (10.0.2+13) (build 10.0.2+13)
# Java VM: Java HotSpot(TM) 64-Bit Server VM (10.0.2+13, mixed mode, tiered, compressed oops, g1 gc, windows-amd64)
Heap:
 garbage-first heap   total 103424K, used 22126K [0x00000000ac600000, 0x0000000100000000)
  region size 1024K, 6 young (6144K), 2 survivors (2048K)
 Metaspace       used 35627K, capacity 36648K, committed 37120K, reserved 1081344K
  class space    used 4531K, capacity 5018K, committed 5120K, reserved 1048576K
GC Heap History (10 events):
Event: 1.597 GC heap before
{Heap before GC invocations=0 (full 0):
 garbage-first heap   total 86016K, used 16384K [0x00000000ac600000, 0x0000000100000000)
  region size 1024K, 14 young (14336K), 0 survivors (0K)
 Metaspace       used 15878K, capacity 16280K, committed 16640K, reserved 1064960K
  class space    used 1781K, capacity 1985K, committed 2048K, reserved 1048576K
}
Event: 1.611 GC heap after
{Heap after GC invocations=1 (full 0):
 garbage-first heap   total 86016K, used 5908K [0x00000000ac600000, 0x0000000100000000)
  region size 1024K, 2 young (2048K), 2 survivors (2048K)
 Metaspace       used 15878K, capacity 16280K, committed 16640K, reserved 1064960K
  class space    used 1781K, capacity 1985K, committed 2048K, reserved 1048576K
}
Event: 1.757 GC heap before
{Heap before GC invocations=1 (full 0):
 garbage-first heap   total 86016K, used 10004K [0x00000000ac600000, 0x0000000100000000)
  region size 1024K, 4 young (4096K), 2 survivors (2048K)
 Metaspace       used 16922K, capacity 17382K, committed 17536K, reserved 1064960K
  class space    used 1956K, capacity 2158K, committed 2176K, reserved 1048576K
}
Event: 1.765 GC heap after
{Heap after GC invocations=2 (full 0):
 garbage-first heap   total 86016K, used 9124K [0x00000000ac600000, 0x0000000100000000)
  region size 1024K, 1 young (1024K), 1 survivors (1024K)
 Metaspace       used 16922K, capacity 17382K, committed 17536K, reserved 1064960K
  class space    used 1956K, capacity 2158K, committed 2176K, reserved 1048576K
}
Event: 2.412 GC heap before
{Heap before GC invocations=2 (full 0):
 garbage-first heap   total 86016K, used 18340K [0x00000000ac600000, 0x0000000100000000)
  region size 1024K, 11 young (11264K), 1 survivors (1024K)
 Metaspace       used 20628K, capacity 21127K, committed 21248K, reserved 1067008K
  class space    used 2526K, capacity 2792K, committed 2816K, reserved 1048576K
}
Event: 2.421 GC heap after
{Heap after GC invocations=3 (full 0):
 garbage-first heap   total 86016K, used 11757K [0x00000000ac600000, 0x0000000100000000)
  region size 1024K, 3 young (3072K), 3 survivors (3072K)
 Metaspace       used 20628K, capacity 21127K, committed 21248K, reserved 1067008K
  class space    used 2526K, capacity 2792K, committed 2816K, reserved 1048576K
}
Event: 4.534 GC heap before
{Heap before GC invocations=4 (full 0):
 garbage-first heap   total 86016K, used 37357K [0x00000000ac600000, 0x0000000100000000)
  region size 1024K, 28 young (28672K), 3 survivors (3072K)
 Metaspace       used 33491K, capacity 34433K, committed 34944K, reserved 1079296K
  class space    used 4234K, capacity 4697K, committed 4736K, reserved 1048576K
}
Event: 4.555 GC heap after
{Heap after GC invocations=5 (full 0):
 garbage-first heap   total 86016K, used 15293K [0x00000000ac600000, 0x0000000100000000)
  region size 1024K, 4 young (4096K), 4 survivors (4096K)
 Metaspace       used 33491K, capacity 34433K, committed 34944K, reserved 1079296K
  class space    used 4234K, capacity 4697K, committed 4736K, reserved 1048576K
}
Event: 4.711 GC heap before
{Heap before GC invocations=5 (full 0):
 garbage-first heap   total 86016K, used 17341K [0x00000000ac600000, 0x0000000100000000)
  region size 1024K, 7 young (7168K), 4 survivors (4096K)
 Metaspace       used 34341K, capacity 35331K, committed 35840K, reserved 1081344K
  class space    used 4393K, capacity 4848K, committed 4864K, reserved 1048576K
}
Event: 4.725 GC heap after
{Heap after GC invocations=6 (full 0):
 garbage-first heap   total 103424K, used 17006K [0x00000000ac600000, 0x0000000100000000)
  region size 1024K, 2 young (2048K), 2 survivors (2048K)
 Metaspace       used 34341K, capacity 35331K, committed 35840K, reserved 1081344K
  class space    used 4393K, capacity 4848K, committed 4864K, reserved 1048576K
}

