# JRE version: Java(TM) SE Runtime Environment (10.0.2+13) (build 10.0.2+13)
# Java VM: Java HotSpot(TM) 64-Bit Server VM (10.0.2+13, mixed mode, tiered, compressed oops, g1 gc, windows-amd64)
Heap:
 garbage-first heap   total 86016K, used 34868K [0x00000000ac600000, 0x0000000100000000)
  region size 1024K, 26 young (26624K), 3 survivors (3072K)
 Metaspace       used 32602K, capacity 33394K, committed 33996K, reserved 1079296K
  class space    used 4083K, capacity 4456K, committed 4556K, reserved 1048576K
GC Heap History (6 events):
Event: 5.227 GC heap before
{Heap before GC invocations=0 (full 0):
 garbage-first heap   total 86016K, used 16384K [0x00000000ac600000, 0x0000000100000000)
  region size 1024K, 14 young (14336K), 0 survivors (0K)
 Metaspace       used 15844K, capacity 16230K, committed 16384K, reserved 1062912K
  class space    used 1773K, capacity 1946K, committed 2048K, reserved 1048576K
}
Event: 5.247 GC heap after
{Heap after GC invocations=1 (full 0):
 garbage-first heap   total 86016K, used 6050K [0x00000000ac600000, 0x0000000100000000)
  region size 1024K, 2 young (2048K), 2 survivors (2048K)
 Metaspace       used 15844K, capacity 16230K, committed 16384K, reserved 1062912K
  class space    used 1773K, capacity 1946K, committed 2048K, reserved 1048576K
}
Event: 5.480 GC heap before
{Heap before GC invocations=1 (full 0):
 garbage-first heap   total 86016K, used 10146K [0x00000000ac600000, 0x0000000100000000)
  region size 1024K, 4 young (4096K), 2 survivors (2048K)
 Metaspace       used 16935K, capacity 17385K, committed 17536K, reserved 1064960K
  class space    used 1961K, capacity 2159K, committed 2176K, reserved 1048576K
}
Event: 5.494 GC heap after
{Heap after GC invocations=2 (full 0):
 garbage-first heap   total 86016K, used 9174K [0x00000000ac600000, 0x0000000100000000)
  region size 1024K, 1 young (1024K), 1 survivors (1024K)
 Metaspace       used 16935K, capacity 17385K, committed 17536K, reserved 1064960K
  class space    used 1961K, capacity 2159K, committed 2176K, reserved 1048576K
}
Event: 6.495 GC heap before
{Heap before GC invocations=2 (full 0):
 garbage-first heap   total 86016K, used 19414K [0x00000000ac600000, 0x0000000100000000)
  region size 1024K, 12 young (12288K), 1 survivors (1024K)
 Metaspace       used 20648K, capacity 21130K, committed 21296K, reserved 1069056K
  class space    used 2411K, capacity 2665K, committed 2688K, reserved 1048576K
}
Event: 6.508 GC heap after
{Heap after GC invocations=3 (full 0):
 garbage-first heap   total 86016K, used 12340K [0x00000000ac600000, 0x0000000100000000)
  region size 1024K, 3 young (3072K), 3 survivors (3072K)
 Metaspace       used 20648K, capacity 21130K, committed 21296K, reserved 1069056K
  class space    used 2411K, capacity 2665K, committed 2688K, reserved 1048576K
}

