# JRE version: Java(TM) SE Runtime Environment (10.0.2+13) (build 10.0.2+13)
# Java VM: Java HotSpot(TM) 64-Bit Server VM (10.0.2+13, mixed mode, tiered, compressed oops, g1 gc, windows-amd64)
Heap:
 garbage-first heap   total 103424K, used 16199K [0x00000000ac600000, 0x0000000100000000)
  region size 1024K, 2 young (2048K), 2 survivors (2048K)
 Metaspace       used 34644K, capacity 35581K, committed 36048K, reserved 1081344K
  class space    used 4431K, capacity 4891K, committed 4940K, reserved 1048576K
GC Heap History (9 events):
Event: 1.752 GC heap before
{Heap before GC invocations=0 (full 0):
 garbage-first heap   total 86016K, used 16384K [0x00000000ac600000, 0x0000000100000000)
  region size 1024K, 14 young (14336K), 0 survivors (0K)
 Metaspace       used 15905K, capacity 16340K, committed 16640K, reserved 1064960K
  class space    used 1780K, capacity 1985K, committed 2048K, reserved 1048576K
}
Event: 1.768 GC heap after
{Heap after GC invocations=1 (full 0):
 garbage-first heap   total 86016K, used 6244K [0x00000000ac600000, 0x0000000100000000)
  region size 1024K, 2 young (2048K), 2 survivors (2048K)
 Metaspace       used 15905K, capacity 16340K, committed 16640K, reserved 1064960K
  class space    used 1780K, capacity 1985K, committed 2048K, reserved 1048576K
}
Event: 2.155 GC heap before
{Heap before GC invocations=1 (full 0):
 garbage-first heap   total 86016K, used 15460K [0x00000000ac600000, 0x0000000100000000)
  region size 1024K, 9 young (9216K), 2 survivors (2048K)
 Metaspace       used 17663K, capacity 18150K, committed 18432K, reserved 1064960K
  class space    used 2052K, capacity 2291K, committed 2304K, reserved 1048576K
}
Event: 2.168 GC heap after
{Heap after GC invocations=2 (full 0):
 garbage-first heap   total 86016K, used 10803K [0x00000000ac600000, 0x0000000100000000)
  region size 1024K, 2 young (2048K), 2 survivors (2048K)
 Metaspace       used 17663K, capacity 18150K, committed 18432K, reserved 1064960K
  class space    used 2052K, capacity 2291K, committed 2304K, reserved 1048576K
}
Event: 2.576 GC heap before
{Heap before GC invocations=2 (full 0):
 garbage-first heap   total 86016K, used 15923K [0x00000000ac600000, 0x0000000100000000)
  region size 1024K, 8 young (8192K), 2 survivors (2048K)
 Metaspace       used 20584K, capacity 21127K, committed 21296K, reserved 1069056K
  class space    used 2410K, capacity 2665K, committed 2688K, reserved 1048576K
}
Event: 2.585 GC heap after
{Heap after GC invocations=3 (full 0):
 garbage-first heap   total 86016K, used 12644K [0x00000000ac600000, 0x0000000100000000)
  region size 1024K, 2 young (2048K), 2 survivors (2048K)
 Metaspace       used 20584K, capacity 21127K, committed 21296K, reserved 1069056K
  class space    used 2410K, capacity 2665K, committed 2688K, reserved 1048576K
}
Event: 4.531 GC heap before
{Heap before GC invocations=4 (full 0):
 garbage-first heap   total 86016K, used 36196K [0x00000000ac600000, 0x0000000100000000)
  region size 1024K, 25 young (25600K), 2 survivors (2048K)
 Metaspace       used 32760K, capacity 33656K, committed 34252K, reserved 1079296K
  class space    used 4125K, capacity 4545K, committed 4556K, reserved 1048576K
}
Event: 4.546 GC heap after
{Heap after GC invocations=5 (full 0):
 garbage-first heap   total 86016K, used 15085K [0x00000000ac600000, 0x0000000100000000)
  region size 1024K, 4 young (4096K), 4 survivors (4096K)
 Metaspace       used 32760K, capacity 33656K, committed 34252K, reserved 1079296K
  class space    used 4125K, capacity 4545K, committed 4556K, reserved 1048576K
}
Event: 4.899 GC heap before
{Heap before GC invocations=5 (full 0):
 garbage-first heap   total 86016K, used 20205K [0x00000000ac600000, 0x0000000100000000)
  region size 1024K, 10 young (10240K), 4 survivors (4096K)
 Metaspace       used 34644K, capacity 35581K, committed 36048K, reserved 1081344K
  class space    used 4431K, capacity 4891K, committed 4940K, reserved 1048576K
}

