# JRE version: Java(TM) SE Runtime Environment (10.0.2+13) (build 10.0.2+13)
# Java VM: Java HotSpot(TM) 64-Bit Server VM (10.0.2+13, mixed mode, tiered, compressed oops, g1 gc, windows-amd64)
Heap:
 garbage-first heap   total 103424K, used 32416K [0x00000000ac600000, 0x0000000100000000)
  region size 1024K, 16 young (16384K), 1 survivors (1024K)
 Metaspace       used 37097K, capacity 38062K, committed 38604K, reserved 1083392K
  class space    used 4575K, capacity 5056K, committed 5068K, reserved 1048576K
GC Heap History (10 events):
Event: 1.630 GC heap before
{Heap before GC invocations=0 (full 0):
 garbage-first heap   total 86016K, used 16384K [0x00000000ac600000, 0x0000000100000000)
  region size 1024K, 14 young (14336K), 0 survivors (0K)
 Metaspace       used 15882K, capacity 16276K, committed 16640K, reserved 1064960K
  class space    used 1783K, capacity 1985K, committed 2048K, reserved 1048576K
}
Event: 1.644 GC heap after
{Heap after GC invocations=1 (full 0):
 garbage-first heap   total 86016K, used 6513K [0x00000000ac600000, 0x0000000100000000)
  region size 1024K, 2 young (2048K), 2 survivors (2048K)
 Metaspace       used 15882K, capacity 16276K, committed 16640K, reserved 1064960K
  class space    used 1783K, capacity 1985K, committed 2048K, reserved 1048576K
}
Event: 1.969 GC heap before
{Heap before GC invocations=1 (full 0):
 garbage-first heap   total 86016K, used 14705K [0x00000000ac600000, 0x0000000100000000)
  region size 1024K, 8 young (8192K), 2 survivors (2048K)
 Metaspace       used 17452K, capacity 17846K, committed 18176K, reserved 1064960K
  class space    used 2024K, capacity 2233K, committed 2304K, reserved 1048576K
}
Event: 1.987 GC heap after
{Heap after GC invocations=2 (full 0):
 garbage-first heap   total 86016K, used 10240K [0x00000000ac600000, 0x0000000100000000)
  region size 1024K, 1 young (1024K), 1 survivors (1024K)
 Metaspace       used 17452K, capacity 17846K, committed 18176K, reserved 1064960K
  class space    used 2024K, capacity 2233K, committed 2304K, reserved 1048576K
}
Event: 2.534 GC heap before
{Heap before GC invocations=2 (full 0):
 garbage-first heap   total 86016K, used 16384K [0x00000000ac600000, 0x0000000100000000)
  region size 1024K, 8 young (8192K), 1 survivors (1024K)
 Metaspace       used 20576K, capacity 21123K, committed 21296K, reserved 1069056K
  class space    used 2406K, capacity 2664K, committed 2688K, reserved 1048576K
}
Event: 2.540 GC heap after
{Heap after GC invocations=3 (full 0):
 garbage-first heap   total 86016K, used 12163K [0x00000000ac600000, 0x0000000100000000)
  region size 1024K, 2 young (2048K), 2 survivors (2048K)
 Metaspace       used 20576K, capacity 21123K, committed 21296K, reserved 1069056K
  class space    used 2406K, capacity 2664K, committed 2688K, reserved 1048576K
}
Event: 4.743 GC heap before
{Heap before GC invocations=4 (full 0):
 garbage-first heap   total 86016K, used 36739K [0x00000000ac600000, 0x0000000100000000)
  region size 1024K, 26 young (26624K), 2 survivors (2048K)
 Metaspace       used 32965K, capacity 33789K, committed 34252K, reserved 1079296K
  class space    used 4091K, capacity 4505K, committed 4556K, reserved 1048576K
}
Event: 4.765 GC heap after
{Heap after GC invocations=5 (full 0):
 garbage-first heap   total 86016K, used 15604K [0x00000000ac600000, 0x0000000100000000)
  region size 1024K, 4 young (4096K), 4 survivors (4096K)
 Metaspace       used 32965K, capacity 33789K, committed 34252K, reserved 1079296K
  class space    used 4091K, capacity 4505K, committed 4556K, reserved 1048576K
}
Event: 5.050 GC heap before
{Heap before GC invocations=5 (full 0):
 garbage-first heap   total 86016K, used 18676K [0x00000000ac600000, 0x0000000100000000)
  region size 1024K, 8 young (8192K), 4 survivors (4096K)
 Metaspace       used 34716K, capacity 35672K, committed 36048K, reserved 1081344K
  class space    used 4436K, capacity 4923K, committed 4940K, reserved 1048576K
}
Event: 5.069 GC heap after
{Heap after GC invocations=6 (full 0):
 garbage-first heap   total 103424K, used 16032K [0x00000000ac600000, 0x0000000100000000)
  region size 1024K, 1 young (1024K), 1 survivors (1024K)
 Metaspace       used 34716K, capacity 35672K, committed 36048K, reserved 1081344K
  class space    used 4436K, capacity 4923K, committed 4940K, reserved 1048576K
}

