# JRE version: Java(TM) SE Runtime Environment (10.0.2+13) (build 10.0.2+13)
# Java VM: Java HotSpot(TM) 64-Bit Server VM (10.0.2+13, mixed mode, tiered, compressed oops, g1 gc, windows-amd64)
Heap:
 garbage-first heap   total 86016K, used 19466K [0x00000000ac600000, 0x0000000100000000)
  region size 1024K, 3 young (3072K), 1 survivors (1024K)
 Metaspace       used 35231K, capacity 36194K, committed 36688K, reserved 1081344K
  class space    used 4495K, capacity 4967K, committed 5068K, reserved 1048576K
GC Heap History (10 events):
Event: 2.469 GC heap before
{Heap before GC invocations=0 (full 0):
 garbage-first heap   total 86016K, used 16384K [0x00000000ac600000, 0x0000000100000000)
  region size 1024K, 14 young (14336K), 0 survivors (0K)
 Metaspace       used 15853K, capacity 16230K, committed 16384K, reserved 1062912K
  class space    used 1774K, capacity 1946K, committed 2048K, reserved 1048576K
}
Event: 2.493 GC heap after
{Heap after GC invocations=1 (full 0):
 garbage-first heap   total 86016K, used 6665K [0x00000000ac600000, 0x0000000100000000)
  region size 1024K, 2 young (2048K), 2 survivors (2048K)
 Metaspace       used 15853K, capacity 16230K, committed 16384K, reserved 1062912K
  class space    used 1774K, capacity 1946K, committed 2048K, reserved 1048576K
}
Event: 3.153 GC heap before
{Heap before GC invocations=1 (full 0):
 garbage-first heap   total 86016K, used 16905K [0x00000000ac600000, 0x0000000100000000)
  region size 1024K, 10 young (10240K), 2 survivors (2048K)
 Metaspace       used 17979K, capacity 18432K, committed 18560K, reserved 1064960K
  class space    used 2131K, capacity 2361K, committed 2432K, reserved 1048576K
}
Event: 3.173 GC heap after
{Heap after GC invocations=2 (full 0):
 garbage-first heap   total 86016K, used 10975K [0x00000000ac600000, 0x0000000100000000)
  region size 1024K, 2 young (2048K), 2 survivors (2048K)
 Metaspace       used 17979K, capacity 18432K, committed 18560K, reserved 1064960K
  class space    used 2131K, capacity 2361K, committed 2432K, reserved 1048576K
}
Event: 3.567 GC heap before
{Heap before GC invocations=2 (full 0):
 garbage-first heap   total 86016K, used 16095K [0x00000000ac600000, 0x0000000100000000)
  region size 1024K, 8 young (8192K), 2 survivors (2048K)
 Metaspace       used 20572K, capacity 21131K, committed 21296K, reserved 1069056K
  class space    used 2410K, capacity 2665K, committed 2688K, reserved 1048576K
}
Event: 3.575 GC heap after
{Heap after GC invocations=3 (full 0):
 garbage-first heap   total 86016K, used 12568K [0x00000000ac600000, 0x0000000100000000)
  region size 1024K, 4 young (4096K), 4 survivors (4096K)
 Metaspace       used 20572K, capacity 21131K, committed 21296K, reserved 1069056K
  class space    used 2410K, capacity 2665K, committed 2688K, reserved 1048576K
}
Event: 6.004 GC heap before
{Heap before GC invocations=4 (full 0):
 garbage-first heap   total 86016K, used 38168K [0x00000000ac600000, 0x0000000100000000)
  region size 1024K, 29 young (29696K), 4 survivors (4096K)
 Metaspace       used 33463K, capacity 34348K, committed 34892K, reserved 1079296K
  class space    used 4244K, capacity 4670K, committed 4684K, reserved 1048576K
}
Event: 6.022 GC heap after
{Heap after GC invocations=5 (full 0):
 garbage-first heap   total 86016K, used 15378K [0x00000000ac600000, 0x0000000100000000)
  region size 1024K, 4 young (4096K), 4 survivors (4096K)
 Metaspace       used 33463K, capacity 34348K, committed 34892K, reserved 1079296K
  class space    used 4244K, capacity 4670K, committed 4684K, reserved 1048576K
}
Event: 6.352 GC heap before
{Heap before GC invocations=5 (full 0):
 garbage-first heap   total 86016K, used 18450K [0x00000000ac600000, 0x0000000100000000)
  region size 1024K, 8 young (8192K), 4 survivors (4096K)
 Metaspace       used 34632K, capacity 35613K, committed 36048K, reserved 1081344K
  class space    used 4430K, capacity 4921K, committed 4940K, reserved 1048576K
}
Event: 6.366 GC heap after
{Heap after GC invocations=6 (full 0):
 garbage-first heap   total 86016K, used 16394K [0x00000000ac600000, 0x0000000100000000)
  region size 1024K, 1 young (1024K), 1 survivors (1024K)
 Metaspace       used 34632K, capacity 35613K, committed 36048K, reserved 1081344K
  class space    used 4430K, capacity 4921K, committed 4940K, reserved 1048576K
}

