# JRE version: Java(TM) SE Runtime Environment (10.0.2+13) (build 10.0.2+13)
# Java VM: Java HotSpot(TM) 64-Bit Server VM (10.0.2+13, mixed mode, tiered, compressed oops, g1 gc, windows-amd64)
Heap:
 garbage-first heap   total 103424K, used 20054K [0x00000000ac600000, 0x0000000100000000)
  region size 1024K, 4 young (4096K), 1 survivors (1024K)
 Metaspace       used 35272K, capacity 36258K, committed 36684K, reserved 1081344K
  class space    used 4492K, capacity 4969K, committed 4992K, reserved 1048576K
GC Heap History (10 events):
Event: 1.565 GC heap before
{Heap before GC invocations=0 (full 0):
 garbage-first heap   total 86016K, used 16384K [0x00000000ac600000, 0x0000000100000000)
  region size 1024K, 14 young (14336K), 0 survivors (0K)
 Metaspace       used 15881K, capacity 16340K, committed 16640K, reserved 1064960K
  class space    used 1784K, capacity 1985K, committed 2048K, reserved 1048576K
}
Event: 1.579 GC heap after
{Heap after GC invocations=1 (full 0):
 garbage-first heap   total 86016K, used 5909K [0x00000000ac600000, 0x0000000100000000)
  region size 1024K, 2 young (2048K), 2 survivors (2048K)
 Metaspace       used 15881K, capacity 16340K, committed 16640K, reserved 1064960K
  class space    used 1784K, capacity 1985K, committed 2048K, reserved 1048576K
}
Event: 1.710 GC heap before
{Heap before GC invocations=1 (full 0):
 garbage-first heap   total 86016K, used 10005K [0x00000000ac600000, 0x0000000100000000)
  region size 1024K, 4 young (4096K), 2 survivors (2048K)
 Metaspace       used 16925K, capacity 17378K, committed 17536K, reserved 1064960K
  class space    used 1956K, capacity 2158K, committed 2176K, reserved 1048576K
}
Event: 1.720 GC heap after
{Heap after GC invocations=2 (full 0):
 garbage-first heap   total 86016K, used 9094K [0x00000000ac600000, 0x0000000100000000)
  region size 1024K, 1 young (1024K), 1 survivors (1024K)
 Metaspace       used 16925K, capacity 17378K, committed 17536K, reserved 1064960K
  class space    used 1956K, capacity 2158K, committed 2176K, reserved 1048576K
}
Event: 2.370 GC heap before
{Heap before GC invocations=2 (full 0):
 garbage-first heap   total 86016K, used 19334K [0x00000000ac600000, 0x0000000100000000)
  region size 1024K, 12 young (12288K), 1 survivors (1024K)
 Metaspace       used 20618K, capacity 21123K, committed 21248K, reserved 1067008K
  class space    used 2525K, capacity 2792K, committed 2816K, reserved 1048576K
}
Event: 2.380 GC heap after
{Heap after GC invocations=3 (full 0):
 garbage-first heap   total 86016K, used 11890K [0x00000000ac600000, 0x0000000100000000)
  region size 1024K, 3 young (3072K), 3 survivors (3072K)
 Metaspace       used 20618K, capacity 21123K, committed 21248K, reserved 1067008K
  class space    used 2525K, capacity 2792K, committed 2816K, reserved 1048576K
}
Event: 4.672 GC heap before
{Heap before GC invocations=4 (full 0):
 garbage-first heap   total 86016K, used 38514K [0x00000000ac600000, 0x0000000100000000)
  region size 1024K, 29 young (29696K), 3 survivors (3072K)
 Metaspace       used 33832K, capacity 34810K, committed 35328K, reserved 1079296K
  class space    used 4318K, capacity 4805K, committed 4864K, reserved 1048576K
}
Event: 4.692 GC heap after
{Heap after GC invocations=5 (full 0):
 garbage-first heap   total 86016K, used 15596K [0x00000000ac600000, 0x0000000100000000)
  region size 1024K, 4 young (4096K), 4 survivors (4096K)
 Metaspace       used 33832K, capacity 34810K, committed 35328K, reserved 1079296K
  class space    used 4318K, capacity 4805K, committed 4864K, reserved 1048576K
}
Event: 4.840 GC heap before
{Heap before GC invocations=5 (full 0):
 garbage-first heap   total 86016K, used 16620K [0x00000000ac600000, 0x0000000100000000)
  region size 1024K, 6 young (6144K), 4 survivors (4096K)
 Metaspace       used 34398K, capacity 35337K, committed 35840K, reserved 1081344K
  class space    used 4390K, capacity 4850K, committed 4864K, reserved 1048576K
}
Event: 4.861 GC heap after
{Heap after GC invocations=6 (full 0):
 garbage-first heap   total 103424K, used 15958K [0x00000000ac600000, 0x0000000100000000)
  region size 1024K, 1 young (1024K), 1 survivors (1024K)
 Metaspace       used 34398K, capacity 35337K, committed 35840K, reserved 1081344K
  class space    used 4390K, capacity 4850K, committed 4864K, reserved 1048576K
}

