# JRE version: Java(TM) SE Runtime Environment (10.0.2+13) (build 10.0.2+13)
# Java VM: Java HotSpot(TM) 64-Bit Server VM (10.0.2+13, mixed mode, tiered, compressed oops, g1 gc, windows-amd64)
Heap:
 garbage-first heap   total 103424K, used 20585K [0x00000000ac600000, 0x0000000100000000)
  region size 1024K, 4 young (4096K), 1 survivors (1024K)
 Metaspace       used 35502K, capacity 36511K, committed 36944K, reserved 1081344K
  class space    used 4509K, capacity 4968K, committed 5068K, reserved 1048576K
GC Heap History (10 events):
Event: 2.312 GC heap before
{Heap before GC invocations=0 (full 0):
 garbage-first heap   total 86016K, used 16384K [0x00000000ac600000, 0x0000000100000000)
  region size 1024K, 14 young (14336K), 0 survivors (0K)
 Metaspace       used 15851K, capacity 16226K, committed 16384K, reserved 1062912K
  class space    used 1774K, capacity 1946K, committed 2048K, reserved 1048576K
}
Event: 2.331 GC heap after
{Heap after GC invocations=1 (full 0):
 garbage-first heap   total 86016K, used 6282K [0x00000000ac600000, 0x0000000100000000)
  region size 1024K, 2 young (2048K), 2 survivors (2048K)
 Metaspace       used 15851K, capacity 16226K, committed 16384K, reserved 1062912K
  class space    used 1774K, capacity 1946K, committed 2048K, reserved 1048576K
}
Event: 2.981 GC heap before
{Heap before GC invocations=1 (full 0):
 garbage-first heap   total 86016K, used 17546K [0x00000000ac600000, 0x0000000100000000)
  region size 1024K, 11 young (11264K), 2 survivors (2048K)
 Metaspace       used 18102K, capacity 18599K, committed 18816K, reserved 1064960K
  class space    used 2157K, capacity 2395K, committed 2432K, reserved 1048576K
}
Event: 2.997 GC heap after
{Heap after GC invocations=2 (full 0):
 garbage-first heap   total 86016K, used 11264K [0x00000000ac600000, 0x0000000100000000)
  region size 1024K, 2 young (2048K), 2 survivors (2048K)
 Metaspace       used 18102K, capacity 18599K, committed 18816K, reserved 1064960K
  class space    used 2157K, capacity 2395K, committed 2432K, reserved 1048576K
}
Event: 3.367 GC heap before
{Heap before GC invocations=2 (full 0):
 garbage-first heap   total 86016K, used 15360K [0x00000000ac600000, 0x0000000100000000)
  region size 1024K, 7 young (7168K), 2 survivors (2048K)
 Metaspace       used 20559K, capacity 21126K, committed 21296K, reserved 1069056K
  class space    used 2410K, capacity 2665K, committed 2688K, reserved 1048576K
}
Event: 3.376 GC heap after
{Heap after GC invocations=3 (full 0):
 garbage-first heap   total 86016K, used 13107K [0x00000000ac600000, 0x0000000100000000)
  region size 1024K, 2 young (2048K), 2 survivors (2048K)
 Metaspace       used 20559K, capacity 21126K, committed 21296K, reserved 1069056K
  class space    used 2410K, capacity 2665K, committed 2688K, reserved 1048576K
}
Event: 6.602 GC heap before
{Heap before GC invocations=4 (full 0):
 garbage-first heap   total 86016K, used 37683K [0x00000000ac600000, 0x0000000100000000)
  region size 1024K, 26 young (26624K), 2 survivors (2048K)
 Metaspace       used 33054K, capacity 33891K, committed 34380K, reserved 1079296K
  class space    used 4156K, capacity 4581K, committed 4684K, reserved 1048576K
}
Event: 6.623 GC heap after
{Heap after GC invocations=5 (full 0):
 garbage-first heap   total 86016K, used 15901K [0x00000000ac600000, 0x0000000100000000)
  region size 1024K, 4 young (4096K), 4 survivors (4096K)
 Metaspace       used 33054K, capacity 33891K, committed 34380K, reserved 1079296K
  class space    used 4156K, capacity 4581K, committed 4684K, reserved 1048576K
}
Event: 7.266 GC heap before
{Heap before GC invocations=5 (full 0):
 garbage-first heap   total 86016K, used 19997K [0x00000000ac600000, 0x0000000100000000)
  region size 1024K, 9 young (9216K), 4 survivors (4096K)
 Metaspace       used 34705K, capacity 35670K, committed 36048K, reserved 1081344K
  class space    used 4437K, capacity 4921K, committed 4940K, reserved 1048576K
}
Event: 7.286 GC heap after
{Heap after GC invocations=6 (full 0):
 garbage-first heap   total 103424K, used 16489K [0x00000000ac600000, 0x0000000100000000)
  region size 1024K, 1 young (1024K), 1 survivors (1024K)
 Metaspace       used 34705K, capacity 35670K, committed 36048K, reserved 1081344K
  class space    used 4437K, capacity 4921K, committed 4940K, reserved 1048576K
}

