# JRE version: Java(TM) SE Runtime Environment (10.0.2+13) (build 10.0.2+13)
# Java VM: Java HotSpot(TM) 64-Bit Server VM (10.0.2+13, mixed mode, tiered, compressed oops, g1 gc, windows-amd64)
Heap:
 garbage-first heap   total 103424K, used 19733K [0x00000000ac600000, 0x0000000100000000)
  region size 1024K, 4 young (4096K), 1 survivors (1024K)
 Metaspace       used 35380K, capacity 36418K, committed 36864K, reserved 1081344K
  class space    used 4513K, capacity 5001K, committed 5120K, reserved 1048576K
GC Heap History (10 events):
Event: 1.555 GC heap before
{Heap before GC invocations=0 (full 0):
 garbage-first heap   total 86016K, used 16384K [0x00000000ac600000, 0x0000000100000000)
  region size 1024K, 14 young (14336K), 0 survivors (0K)
 Metaspace       used 15875K, capacity 16276K, committed 16640K, reserved 1064960K
  class space    used 1778K, capacity 1985K, committed 2048K, reserved 1048576K
}
Event: 1.569 GC heap after
{Heap after GC invocations=1 (full 0):
 garbage-first heap   total 86016K, used 6263K [0x00000000ac600000, 0x0000000100000000)
  region size 1024K, 2 young (2048K), 2 survivors (2048K)
 Metaspace       used 15875K, capacity 16276K, committed 16640K, reserved 1064960K
  class space    used 1778K, capacity 1985K, committed 2048K, reserved 1048576K
}
Event: 1.824 GC heap before
{Heap before GC invocations=1 (full 0):
 garbage-first heap   total 86016K, used 13431K [0x00000000ac600000, 0x0000000100000000)
  region size 1024K, 7 young (7168K), 2 survivors (2048K)
 Metaspace       used 17294K, capacity 17710K, committed 17920K, reserved 1064960K
  class space    used 1999K, capacity 2207K, committed 2304K, reserved 1048576K
}
Event: 1.837 GC heap after
{Heap after GC invocations=2 (full 0):
 garbage-first heap   total 86016K, used 10143K [0x00000000ac600000, 0x0000000100000000)
  region size 1024K, 1 young (1024K), 1 survivors (1024K)
 Metaspace       used 17294K, capacity 17710K, committed 17920K, reserved 1064960K
  class space    used 1999K, capacity 2207K, committed 2304K, reserved 1048576K
}
Event: 2.392 GC heap before
{Heap before GC invocations=2 (full 0):
 garbage-first heap   total 86016K, used 17311K [0x00000000ac600000, 0x0000000100000000)
  region size 1024K, 9 young (9216K), 1 survivors (1024K)
 Metaspace       used 20623K, capacity 21123K, committed 21248K, reserved 1067008K
  class space    used 2526K, capacity 2792K, committed 2816K, reserved 1048576K
}
Event: 2.401 GC heap after
{Heap after GC invocations=3 (full 0):
 garbage-first heap   total 86016K, used 11659K [0x00000000ac600000, 0x0000000100000000)
  region size 1024K, 3 young (3072K), 3 survivors (3072K)
 Metaspace       used 20623K, capacity 21123K, committed 21248K, reserved 1067008K
  class space    used 2526K, capacity 2792K, committed 2816K, reserved 1048576K
}
Event: 4.548 GC heap before
{Heap before GC invocations=4 (full 0):
 garbage-first heap   total 86016K, used 38283K [0x00000000ac600000, 0x0000000100000000)
  region size 1024K, 29 young (29696K), 3 survivors (3072K)
 Metaspace       used 33736K, capacity 34754K, committed 35328K, reserved 1079296K
  class space    used 4302K, capacity 4765K, committed 4864K, reserved 1048576K
}
Event: 4.566 GC heap after
{Heap after GC invocations=5 (full 0):
 garbage-first heap   total 86016K, used 14970K [0x00000000ac600000, 0x0000000100000000)
  region size 1024K, 4 young (4096K), 4 survivors (4096K)
 Metaspace       used 33736K, capacity 34754K, committed 35328K, reserved 1079296K
  class space    used 4302K, capacity 4765K, committed 4864K, reserved 1048576K
}
Event: 4.664 GC heap before
{Heap before GC invocations=5 (full 0):
 garbage-first heap   total 86016K, used 14970K [0x00000000ac600000, 0x0000000100000000)
  region size 1024K, 5 young (5120K), 4 survivors (4096K)
 Metaspace       used 34325K, capacity 35327K, committed 35840K, reserved 1081344K
  class space    used 4390K, capacity 4848K, committed 4864K, reserved 1048576K
}
Event: 4.679 GC heap after
{Heap after GC invocations=6 (full 0):
 garbage-first heap   total 103424K, used 15637K [0x00000000ac600000, 0x0000000100000000)
  region size 1024K, 1 young (1024K), 1 survivors (1024K)
 Metaspace       used 34325K, capacity 35327K, committed 35840K, reserved 1081344K
  class space    used 4390K, capacity 4848K, committed 4864K, reserved 1048576K
}

