# JRE version: Java(TM) SE Runtime Environment (10.0.2+13) (build 10.0.2+13)
# Java VM: Java HotSpot(TM) 64-Bit Server VM (10.0.2+13, mixed mode, tiered, compressed oops, g1 gc, windows-amd64)
Heap:
 garbage-first heap   total 86016K, used 19992K [0x00000000ac600000, 0x0000000100000000)
  region size 1024K, 7 young (7168K), 4 survivors (4096K)
 Metaspace       used 35350K, capacity 36348K, committed 36992K, reserved 1081344K
  class space    used 4513K, capacity 4999K, committed 5120K, reserved 1048576K
GC Heap History (8 events):
Event: 1.507 GC heap before
{Heap before GC invocations=0 (full 0):
 garbage-first heap   total 86016K, used 16384K [0x00000000ac600000, 0x0000000100000000)
  region size 1024K, 14 young (14336K), 0 survivors (0K)
 Metaspace       used 15822K, capacity 16161K, committed 16384K, reserved 1062912K
  class space    used 1769K, capacity 1946K, committed 2048K, reserved 1048576K
}
Event: 1.523 GC heap after
{Heap after GC invocations=1 (full 0):
 garbage-first heap   total 86016K, used 6182K [0x00000000ac600000, 0x0000000100000000)
  region size 1024K, 2 young (2048K), 2 survivors (2048K)
 Metaspace       used 15822K, capacity 16161K, committed 16384K, reserved 1062912K
  class space    used 1769K, capacity 1946K, committed 2048K, reserved 1048576K
}
Event: 1.666 GC heap before
{Heap before GC invocations=1 (full 0):
 garbage-first heap   total 86016K, used 10278K [0x00000000ac600000, 0x0000000100000000)
  region size 1024K, 4 young (4096K), 2 survivors (2048K)
 Metaspace       used 16909K, capacity 17309K, committed 17536K, reserved 1064960K
  class space    used 1957K, capacity 2158K, committed 2176K, reserved 1048576K
}
Event: 1.675 GC heap after
{Heap after GC invocations=2 (full 0):
 garbage-first heap   total 86016K, used 9211K [0x00000000ac600000, 0x0000000100000000)
  region size 1024K, 1 young (1024K), 1 survivors (1024K)
 Metaspace       used 16909K, capacity 17309K, committed 17536K, reserved 1064960K
  class space    used 1957K, capacity 2158K, committed 2176K, reserved 1048576K
}
Event: 2.302 GC heap before
{Heap before GC invocations=2 (full 0):
 garbage-first heap   total 86016K, used 19451K [0x00000000ac600000, 0x0000000100000000)
  region size 1024K, 12 young (12288K), 1 survivors (1024K)
 Metaspace       used 20618K, capacity 21124K, committed 21248K, reserved 1067008K
  class space    used 2526K, capacity 2792K, committed 2816K, reserved 1048576K
}
Event: 2.310 GC heap after
{Heap after GC invocations=3 (full 0):
 garbage-first heap   total 86016K, used 11997K [0x00000000ac600000, 0x0000000100000000)
  region size 1024K, 3 young (3072K), 3 survivors (3072K)
 Metaspace       used 20618K, capacity 21124K, committed 21248K, reserved 1067008K
  class space    used 2526K, capacity 2792K, committed 2816K, reserved 1048576K
}
Event: 4.482 GC heap before
{Heap before GC invocations=4 (full 0):
 garbage-first heap   total 86016K, used 38621K [0x00000000ac600000, 0x0000000100000000)
  region size 1024K, 30 young (30720K), 3 survivors (3072K)
 Metaspace       used 34362K, capacity 35359K, committed 35840K, reserved 1081344K
  class space    used 4399K, capacity 4880K, committed 4992K, reserved 1048576K
}
Event: 4.500 GC heap after
{Heap after GC invocations=5 (full 0):
 garbage-first heap   total 86016K, used 15896K [0x00000000ac600000, 0x0000000100000000)
  region size 1024K, 4 young (4096K), 4 survivors (4096K)
 Metaspace       used 34362K, capacity 35359K, committed 35840K, reserved 1081344K
  class space    used 4399K, capacity 4880K, committed 4992K, reserved 1048576K
}

