# JRE version: Java(TM) SE Runtime Environment (10.0.2+13) (build 10.0.2+13)
# Java VM: Java HotSpot(TM) 64-Bit Server VM (10.0.2+13, mixed mode, tiered, compressed oops, g1 gc, windows-amd64)
Heap:
 garbage-first heap   total 103424K, used 19870K [0x00000000ac600000, 0x0000000100000000)
  region size 1024K, 5 young (5120K), 2 survivors (2048K)
 Metaspace       used 35446K, capacity 36482K, committed 37120K, reserved 1081344K
  class space    used 4513K, capacity 5001K, committed 5120K, reserved 1048576K
GC Heap History (10 events):
Event: 1.476 GC heap before
{Heap before GC invocations=0 (full 0):
 garbage-first heap   total 86016K, used 16384K [0x00000000ac600000, 0x0000000100000000)
  region size 1024K, 14 young (14336K), 0 survivors (0K)
 Metaspace       used 15877K, capacity 16276K, committed 16640K, reserved 1064960K
  class space    used 1781K, capacity 1985K, committed 2048K, reserved 1048576K
}
Event: 1.490 GC heap after
{Heap after GC invocations=1 (full 0):
 garbage-first heap   total 86016K, used 5915K [0x00000000ac600000, 0x0000000100000000)
  region size 1024K, 2 young (2048K), 2 survivors (2048K)
 Metaspace       used 15877K, capacity 16276K, committed 16640K, reserved 1064960K
  class space    used 1781K, capacity 1985K, committed 2048K, reserved 1048576K
}
Event: 1.735 GC heap before
{Heap before GC invocations=1 (full 0):
 garbage-first heap   total 86016K, used 13083K [0x00000000ac600000, 0x0000000100000000)
  region size 1024K, 7 young (7168K), 2 survivors (2048K)
 Metaspace       used 17293K, capacity 17710K, committed 17920K, reserved 1064960K
  class space    used 1999K, capacity 2207K, committed 2304K, reserved 1048576K
}
Event: 1.746 GC heap after
{Heap after GC invocations=2 (full 0):
 garbage-first heap   total 86016K, used 10095K [0x00000000ac600000, 0x0000000100000000)
  region size 1024K, 1 young (1024K), 1 survivors (1024K)
 Metaspace       used 17293K, capacity 17710K, committed 17920K, reserved 1064960K
  class space    used 1999K, capacity 2207K, committed 2304K, reserved 1048576K
}
Event: 2.314 GC heap before
{Heap before GC invocations=2 (full 0):
 garbage-first heap   total 86016K, used 17263K [0x00000000ac600000, 0x0000000100000000)
  region size 1024K, 9 young (9216K), 1 survivors (1024K)
 Metaspace       used 20621K, capacity 21124K, committed 21248K, reserved 1067008K
  class space    used 2525K, capacity 2792K, committed 2816K, reserved 1048576K
}
Event: 2.323 GC heap after
{Heap after GC invocations=3 (full 0):
 garbage-first heap   total 86016K, used 11880K [0x00000000ac600000, 0x0000000100000000)
  region size 1024K, 2 young (2048K), 2 survivors (2048K)
 Metaspace       used 20621K, capacity 21124K, committed 21248K, reserved 1067008K
  class space    used 2525K, capacity 2792K, committed 2816K, reserved 1048576K
}
Event: 4.155 GC heap before
{Heap before GC invocations=4 (full 0):
 garbage-first heap   total 86016K, used 33384K [0x00000000ac600000, 0x0000000100000000)
  region size 1024K, 23 young (23552K), 2 survivors (2048K)
 Metaspace       used 31711K, capacity 32447K, committed 33024K, reserved 1077248K
  class space    used 3896K, capacity 4248K, committed 4352K, reserved 1048576K
}
Event: 4.170 GC heap after
{Heap after GC invocations=5 (full 0):
 garbage-first heap   total 86016K, used 14414K [0x00000000ac600000, 0x0000000100000000)
  region size 1024K, 3 young (3072K), 3 survivors (3072K)
 Metaspace       used 31711K, capacity 32447K, committed 33024K, reserved 1077248K
  class space    used 3896K, capacity 4248K, committed 4352K, reserved 1048576K
}
Event: 4.590 GC heap before
{Heap before GC invocations=5 (full 0):
 garbage-first heap   total 86016K, used 19534K [0x00000000ac600000, 0x0000000100000000)
  region size 1024K, 9 young (9216K), 3 survivors (3072K)
 Metaspace       used 34292K, capacity 35327K, committed 35840K, reserved 1081344K
  class space    used 4391K, capacity 4848K, committed 4864K, reserved 1048576K
}
Event: 4.602 GC heap after
{Heap after GC invocations=6 (full 0):
 garbage-first heap   total 103424K, used 15774K [0x00000000ac600000, 0x0000000100000000)
  region size 1024K, 2 young (2048K), 2 survivors (2048K)
 Metaspace       used 34292K, capacity 35327K, committed 35840K, reserved 1081344K
  class space    used 4391K, capacity 4848K, committed 4864K, reserved 1048576K
}

