# JRE version: Java(TM) SE Runtime Environment (10.0.2+13) (build 10.0.2+13)
# Java VM: Java HotSpot(TM) 64-Bit Server VM (10.0.2+13, mixed mode, tiered, compressed oops, g1 gc, windows-amd64)
Heap:
 garbage-first heap   total 103424K, used 16457K [0x00000000ac600000, 0x0000000100000000)
  region size 1024K, 1 young (1024K), 1 survivors (1024K)
 Metaspace       used 34744K, capacity 35672K, committed 36048K, reserved 1081344K
  class space    used 4440K, capacity 4921K, committed 4940K, reserved 1048576K
GC Heap History (9 events):
Event: 2.290 GC heap before
{Heap before GC invocations=0 (full 0):
 garbage-first heap   total 86016K, used 16384K [0x00000000ac600000, 0x0000000100000000)
  region size 1024K, 14 young (14336K), 0 survivors (0K)
 Metaspace       used 15900K, capacity 16340K, committed 16640K, reserved 1064960K
  class space    used 1779K, capacity 1985K, committed 2048K, reserved 1048576K
}
Event: 2.307 GC heap after
{Heap after GC invocations=1 (full 0):
 garbage-first heap   total 86016K, used 6552K [0x00000000ac600000, 0x0000000100000000)
  region size 1024K, 2 young (2048K), 2 survivors (2048K)
 Metaspace       used 15900K, capacity 16340K, committed 16640K, reserved 1064960K
  class space    used 1779K, capacity 1985K, committed 2048K, reserved 1048576K
}
Event: 2.466 GC heap before
{Heap before GC invocations=1 (full 0):
 garbage-first heap   total 86016K, used 10648K [0x00000000ac600000, 0x0000000100000000)
  region size 1024K, 4 young (4096K), 2 survivors (2048K)
 Metaspace       used 16950K, capacity 17381K, committed 17536K, reserved 1064960K
  class space    used 1960K, capacity 2159K, committed 2176K, reserved 1048576K
}
Event: 2.479 GC heap after
{Heap after GC invocations=2 (full 0):
 garbage-first heap   total 86016K, used 9077K [0x00000000ac600000, 0x0000000100000000)
  region size 1024K, 1 young (1024K), 1 survivors (1024K)
 Metaspace       used 16950K, capacity 17381K, committed 17536K, reserved 1064960K
  class space    used 1960K, capacity 2159K, committed 2176K, reserved 1048576K
}
Event: 3.721 GC heap before
{Heap before GC invocations=2 (full 0):
 garbage-first heap   total 86016K, used 19317K [0x00000000ac600000, 0x0000000100000000)
  region size 1024K, 12 young (12288K), 1 survivors (1024K)
 Metaspace       used 20606K, capacity 21127K, committed 21296K, reserved 1069056K
  class space    used 2410K, capacity 2665K, committed 2688K, reserved 1048576K
}
Event: 3.732 GC heap after
{Heap after GC invocations=3 (full 0):
 garbage-first heap   total 86016K, used 12228K [0x00000000ac600000, 0x0000000100000000)
  region size 1024K, 3 young (3072K), 3 survivors (3072K)
 Metaspace       used 20606K, capacity 21127K, committed 21296K, reserved 1069056K
  class space    used 2410K, capacity 2665K, committed 2688K, reserved 1048576K
}
Event: 7.818 GC heap before
{Heap before GC invocations=4 (full 0):
 garbage-first heap   total 86016K, used 40900K [0x00000000ac600000, 0x0000000100000000)
  region size 1024K, 31 young (31744K), 3 survivors (3072K)
 Metaspace       used 34621K, capacity 35562K, committed 36048K, reserved 1081344K
  class space    used 4421K, capacity 4882K, committed 4940K, reserved 1048576K
}
Event: 7.842 GC heap after
{Heap after GC invocations=5 (full 0):
 garbage-first heap   total 86016K, used 15767K [0x00000000ac600000, 0x0000000100000000)
  region size 1024K, 4 young (4096K), 4 survivors (4096K)
 Metaspace       used 34621K, capacity 35562K, committed 36048K, reserved 1081344K
  class space    used 4421K, capacity 4882K, committed 4940K, reserved 1048576K
}
Event: 7.883 GC heap before
{Heap before GC invocations=5 (full 0):
 garbage-first heap   total 86016K, used 16791K [0x00000000ac600000, 0x0000000100000000)
  region size 1024K, 6 young (6144K), 4 survivors (4096K)
 Metaspace       used 34744K, capacity 35672K, committed 36048K, reserved 1081344K
  class space    used 4440K, capacity 4921K, committed 4940K, reserved 1048576K
}

