# JRE version: Java(TM) SE Runtime Environment (10.0.2+13) (build 10.0.2+13)
# Java VM: Java HotSpot(TM) 64-Bit Server VM (10.0.2+13, mixed mode, tiered, compressed oops, g1 gc, windows-amd64)
Heap:
 garbage-first heap   total 86016K, used 25011K [0x00000000ac600000, 0x0000000100000000)
  region size 1024K, 14 young (14336K), 2 survivors (2048K)
 Metaspace       used 32703K, capacity 33564K, committed 33996K, reserved 1083392K
  class space    used 4130K, capacity 4513K, committed 4556K, reserved 1048576K
GC Heap History (8 events):
Event: 2.476 GC heap before
{Heap before GC invocations=0 (full 0):
 garbage-first heap   total 86016K, used 16384K [0x00000000ac600000, 0x0000000100000000)
  region size 1024K, 14 young (14336K), 0 survivors (0K)
 Metaspace       used 15896K, capacity 16344K, committed 16640K, reserved 1064960K
  class space    used 1780K, capacity 1985K, committed 2048K, reserved 1048576K
}
Event: 2.496 GC heap after
{Heap after GC invocations=1 (full 0):
 garbage-first heap   total 86016K, used 6164K [0x00000000ac600000, 0x0000000100000000)
  region size 1024K, 2 young (2048K), 2 survivors (2048K)
 Metaspace       used 15896K, capacity 16344K, committed 16640K, reserved 1064960K
  class space    used 1780K, capacity 1985K, committed 2048K, reserved 1048576K
}
Event: 2.683 GC heap before
{Heap before GC invocations=1 (full 0):
 garbage-first heap   total 86016K, used 10260K [0x00000000ac600000, 0x0000000100000000)
  region size 1024K, 4 young (4096K), 2 survivors (2048K)
 Metaspace       used 16951K, capacity 17385K, committed 17536K, reserved 1064960K
  class space    used 1961K, capacity 2159K, committed 2176K, reserved 1048576K
}
Event: 2.693 GC heap after
{Heap after GC invocations=2 (full 0):
 garbage-first heap   total 86016K, used 9367K [0x00000000ac600000, 0x0000000100000000)
  region size 1024K, 1 young (1024K), 1 survivors (1024K)
 Metaspace       used 16951K, capacity 17385K, committed 17536K, reserved 1064960K
  class space    used 1961K, capacity 2159K, committed 2176K, reserved 1048576K
}
Event: 3.582 GC heap before
{Heap before GC invocations=2 (full 0):
 garbage-first heap   total 86016K, used 19607K [0x00000000ac600000, 0x0000000100000000)
  region size 1024K, 12 young (12288K), 1 survivors (1024K)
 Metaspace       used 20661K, capacity 21130K, committed 21296K, reserved 1069056K
  class space    used 2411K, capacity 2665K, committed 2688K, reserved 1048576K
}
Event: 3.593 GC heap after
{Heap after GC invocations=3 (full 0):
 garbage-first heap   total 86016K, used 12404K [0x00000000ac600000, 0x0000000100000000)
  region size 1024K, 3 young (3072K), 3 survivors (3072K)
 Metaspace       used 20661K, capacity 21130K, committed 21296K, reserved 1069056K
  class space    used 2411K, capacity 2665K, committed 2688K, reserved 1048576K
}
Event: 5.263 GC heap before
{Heap before GC invocations=4 (full 0):
 garbage-first heap   total 86016K, used 23668K [0x00000000ac600000, 0x0000000100000000)
  region size 1024K, 15 young (15360K), 3 survivors (3072K)
 Metaspace       used 26878K, capacity 27486K, committed 27724K, reserved 1079296K
  class space    used 3124K, capacity 3400K, committed 3404K, reserved 1048576K
}
Event: 5.278 GC heap after
{Heap after GC invocations=5 (full 0):
 garbage-first heap   total 86016K, used 13747K [0x00000000ac600000, 0x0000000100000000)
  region size 1024K, 2 young (2048K), 2 survivors (2048K)
 Metaspace       used 26878K, capacity 27486K, committed 27724K, reserved 1079296K
  class space    used 3124K, capacity 3400K, committed 3404K, reserved 1048576K
}

