# JRE version: Java(TM) SE Runtime Environment (10.0.2+13) (build 10.0.2+13)
# Java VM: Java HotSpot(TM) 64-Bit Server VM (10.0.2+13, mixed mode, tiered, compressed oops, g1 gc, windows-amd64)
Heap:
 garbage-first heap   total 86016K, used 19669K [0x00000000ac600000, 0x0000000100000000)
  region size 1024K, 7 young (7168K), 4 survivors (4096K)
 Metaspace       used 35288K, capacity 36316K, committed 36684K, reserved 1081344K
  class space    used 4489K, capacity 4967K, committed 4992K, reserved 1048576K
GC Heap History (8 events):
Event: 2.057 GC heap before
{Heap before GC invocations=0 (full 0):
 garbage-first heap   total 86016K, used 16384K [0x00000000ac600000, 0x0000000100000000)
  region size 1024K, 14 young (14336K), 0 survivors (0K)
 Metaspace       used 15825K, capacity 16160K, committed 16384K, reserved 1062912K
  class space    used 1769K, capacity 1946K, committed 2048K, reserved 1048576K
}
Event: 2.076 GC heap after
{Heap after GC invocations=1 (full 0):
 garbage-first heap   total 86016K, used 6498K [0x00000000ac600000, 0x0000000100000000)
  region size 1024K, 2 young (2048K), 2 survivors (2048K)
 Metaspace       used 15825K, capacity 16160K, committed 16384K, reserved 1062912K
  class space    used 1769K, capacity 1946K, committed 2048K, reserved 1048576K
}
Event: 2.262 GC heap before
{Heap before GC invocations=1 (full 0):
 garbage-first heap   total 86016K, used 10594K [0x00000000ac600000, 0x0000000100000000)
  region size 1024K, 4 young (4096K), 2 survivors (2048K)
 Metaspace       used 16908K, capacity 17378K, committed 17536K, reserved 1064960K
  class space    used 1956K, capacity 2158K, committed 2176K, reserved 1048576K
}
Event: 2.272 GC heap after
{Heap after GC invocations=2 (full 0):
 garbage-first heap   total 86016K, used 8990K [0x00000000ac600000, 0x0000000100000000)
  region size 1024K, 1 young (1024K), 1 survivors (1024K)
 Metaspace       used 16908K, capacity 17378K, committed 17536K, reserved 1064960K
  class space    used 1956K, capacity 2158K, committed 2176K, reserved 1048576K
}
Event: 3.158 GC heap before
{Heap before GC invocations=2 (full 0):
 garbage-first heap   total 86016K, used 19230K [0x00000000ac600000, 0x0000000100000000)
  region size 1024K, 12 young (12288K), 1 survivors (1024K)
 Metaspace       used 20624K, capacity 21124K, committed 21248K, reserved 1067008K
  class space    used 2527K, capacity 2792K, committed 2816K, reserved 1048576K
}
Event: 3.170 GC heap after
{Heap after GC invocations=3 (full 0):
 garbage-first heap   total 86016K, used 11965K [0x00000000ac600000, 0x0000000100000000)
  region size 1024K, 4 young (4096K), 4 survivors (4096K)
 Metaspace       used 20624K, capacity 21124K, committed 21248K, reserved 1067008K
  class space    used 2527K, capacity 2792K, committed 2816K, reserved 1048576K
}
Event: 6.326 GC heap before
{Heap before GC invocations=4 (full 0):
 garbage-first heap   total 86016K, used 39613K [0x00000000ac600000, 0x0000000100000000)
  region size 1024K, 32 young (32768K), 4 survivors (4096K)
 Metaspace       used 34404K, capacity 35401K, committed 35840K, reserved 1081344K
  class space    used 4391K, capacity 4850K, committed 4864K, reserved 1048576K
}
Event: 6.358 GC heap after
{Heap after GC invocations=5 (full 0):
 garbage-first heap   total 86016K, used 15573K [0x00000000ac600000, 0x0000000100000000)
  region size 1024K, 4 young (4096K), 4 survivors (4096K)
 Metaspace       used 34404K, capacity 35401K, committed 35840K, reserved 1081344K
  class space    used 4391K, capacity 4850K, committed 4864K, reserved 1048576K
}

